<?xml version="1.0" encoding="UTF-8"?>
<!-- Generated by org.testng.reporters.JUnitReportReporter -->
<testsuite hostname="sundar" failures="0" tests="1" name="appiumproject.Appium.AppiumBasics" time="16.883" errors="0" timestamp="2023-08-22T22:05:36 IST" skipped="0">
  <testcase classname="appiumproject.Appium.AppiumBasics" name="start" time="16.883"/>
  <system-out/>
</testsuite> <!-- appiumproject.Appium.AppiumBasics -->
