<?xml version="1.0" encoding="UTF-8"?>
<!-- Generated by org.testng.reporters.JUnitReportReporter -->
<testsuite hostname="sundar" failures="0" tests="1" name="appiumproject.Appium.LongPress" time="10.026" errors="0" timestamp="2023-08-22T22:51:37 IST" skipped="0">
  <testcase classname="appiumproject.Appium.LongPress" name="start" time="10.026"/>
  <system-out/>
</testsuite> <!-- appiumproject.Appium.LongPress -->
